<?xml version="1.0" encoding="UTF-8"?>
<!-- Generated by org.testng.reporters.JUnitReportReporter -->
<testsuite skipped="0" hostname="DESKTOP-K87M0HO" name="TestCase.flipKartHomePageGrid" tests="4" failures="0" timestamp="15 Jun 2020 07:44:36 GMT" time="28.229" errors="0">
  <testcase name="openURL" time="20.814" classname="TestCase.flipKartHomePageGrid"/>
  <testcase name="closeModalBox" time="1.974" classname="TestCase.flipKartHomePageGrid"/>
  <testcase name="HoverElectronics" time="1.329" classname="TestCase.flipKartHomePageGrid"/>
  <testcase name="verifyMILabel" time="4.112" classname="TestCase.flipKartHomePageGrid"/>
</testsuite> <!-- TestCase.flipKartHomePageGrid -->
